<?xml version="1.0" encoding="UTF-8"?>
<!DOCTYPE suite SYSTEM "http://testng.org/testng-1.0.dtd">
<suite name="Tracking" parallel="classes" thread-count="4">
    <listeners>
        <listener class-name="com.github.avpyanov.connector.testng.listeners.GetTestIdsFromTestRun"/>
        <listener class-name="com.github.stealthydron.examples.test.TestNGUploadResultsListener"/>
    </listeners>
    <test name="test">
        <packages>
            <package name="com.github.stealthydron.examples.test.*"/>
        </packages>
    </test>
</suite>
